[0.004s] Invoking command in '/home/harsh_senjaliya/my_beginner_tutorials/beginner_tutorials/build/beginner_tutorials': CMAKE_PREFIX_PATH=/opt/ros/humble /usr/bin/cmake /home/harsh_senjaliya/my_beginner_tutorials/beginner_tutorials -DCMAKE_INSTALL_PREFIX=/home/harsh_senjaliya/my_beginner_tutorials/beginner_tutorials/install/beginner_tutorials
[0.041s] -- The C compiler identification is GNU 11.4.0
[0.079s] -- The CXX compiler identification is GNU 11.4.0
[0.084s] -- Detecting C compiler ABI info
[0.124s] -- Detecting C compiler ABI info - done
[0.129s] -- Check for working C compiler: /usr/bin/cc - skipped
[0.129s] -- Detecting C compile features
[0.130s] -- Detecting C compile features - done
[0.132s] -- Detecting CXX compiler ABI info
[0.175s] -- Detecting CXX compiler ABI info - done
[0.180s] -- Check for working CXX compiler: /usr/bin/c++ - skipped
[0.180s] -- Detecting CXX compile features
[0.181s] -- Detecting CXX compile features - done
[0.183s] -- Found ament_cmake: 1.3.10 (/opt/ros/humble/share/ament_cmake/cmake)
[0.273s] -- Found Python3: /usr/bin/python3 (found version "3.10.12") found components: Interpreter 
[0.325s] -- Found rclcpp: 16.0.10 (/opt/ros/humble/share/rclcpp/cmake)
[0.355s] -- Found rosidl_generator_c: 3.1.5 (/opt/ros/humble/share/rosidl_generator_c/cmake)
[0.358s] -- Found rosidl_adapter: 3.1.5 (/opt/ros/humble/share/rosidl_adapter/cmake)
[0.363s] -- Found rosidl_generator_cpp: 3.1.5 (/opt/ros/humble/share/rosidl_generator_cpp/cmake)
[0.371s] -- Using all available rosidl_typesupport_c: rosidl_typesupport_fastrtps_c;rosidl_typesupport_introspection_c
[0.382s] -- Using all available rosidl_typesupport_cpp: rosidl_typesupport_fastrtps_cpp;rosidl_typesupport_introspection_cpp
[0.410s] -- Found rmw_implementation_cmake: 6.1.2 (/opt/ros/humble/share/rmw_implementation_cmake/cmake)
[0.412s] -- Found rmw_fastrtps_cpp: 6.2.7 (/opt/ros/humble/share/rmw_fastrtps_cpp/cmake)
[0.457s] -- Found OpenSSL: /usr/lib/aarch64-linux-gnu/libcrypto.so (found version "3.0.2")  
[0.478s] -- Found FastRTPS: /opt/ros/humble/include  
[0.506s] -- Using RMW implementation 'rmw_fastrtps_cpp' as default
[0.512s] -- Looking for pthread.h
[0.551s] -- Looking for pthread.h - found
[0.551s] -- Performing Test CMAKE_HAVE_LIBC_PTHREAD
[0.591s] -- Performing Test CMAKE_HAVE_LIBC_PTHREAD - Success
[0.592s] -- Found Threads: TRUE  
[0.629s] -- Found ament_lint_auto: 0.12.11 (/opt/ros/humble/share/ament_lint_auto/cmake)
[0.681s] -- Added test 'cppcheck' to perform static code analysis on C / C++ code
[0.681s] -- Configured cppcheck include dirs: 
[0.681s] -- Configured cppcheck exclude dirs and/or files: 
[0.682s] -- Added test 'lint_cmake' to check CMake code style
[0.684s] -- Added test 'uncrustify' to check C / C++ code style
[0.684s] -- Configured uncrustify additional arguments: 
[0.685s] -- Added test 'xmllint' to check XML markup files
[0.686s] -- Configuring done
[0.691s] -- Generating done
[0.692s] -- Build files have been written to: /home/harsh_senjaliya/my_beginner_tutorials/beginner_tutorials/build/beginner_tutorials
[0.699s] Invoked command in '/home/harsh_senjaliya/my_beginner_tutorials/beginner_tutorials/build/beginner_tutorials' returned '0': CMAKE_PREFIX_PATH=/opt/ros/humble /usr/bin/cmake /home/harsh_senjaliya/my_beginner_tutorials/beginner_tutorials -DCMAKE_INSTALL_PREFIX=/home/harsh_senjaliya/my_beginner_tutorials/beginner_tutorials/install/beginner_tutorials
[0.700s] Invoking command in '/home/harsh_senjaliya/my_beginner_tutorials/beginner_tutorials/build/beginner_tutorials': CMAKE_PREFIX_PATH=/opt/ros/humble /usr/bin/cmake --build /home/harsh_senjaliya/my_beginner_tutorials/beginner_tutorials/build/beginner_tutorials -- -j6 -l6
[0.723s] [ 50%] [32mBuilding CXX object CMakeFiles/talker.dir/src/publisher_member_function.cpp.o[0m
[3.081s] [100%] [32m[1mLinking CXX executable talker[0m
[3.183s] [100%] Built target talker
[3.188s] Invoked command in '/home/harsh_senjaliya/my_beginner_tutorials/beginner_tutorials/build/beginner_tutorials' returned '0': CMAKE_PREFIX_PATH=/opt/ros/humble /usr/bin/cmake --build /home/harsh_senjaliya/my_beginner_tutorials/beginner_tutorials/build/beginner_tutorials -- -j6 -l6
[3.208s] Invoking command in '/home/harsh_senjaliya/my_beginner_tutorials/beginner_tutorials/build/beginner_tutorials': CMAKE_PREFIX_PATH=/opt/ros/humble /usr/bin/cmake --install /home/harsh_senjaliya/my_beginner_tutorials/beginner_tutorials/build/beginner_tutorials
[3.211s] -- Install configuration: ""
[3.211s] -- Installing: /home/harsh_senjaliya/my_beginner_tutorials/beginner_tutorials/install/beginner_tutorials/lib/beginner_tutorials/talker
[3.212s] -- Set runtime path of "/home/harsh_senjaliya/my_beginner_tutorials/beginner_tutorials/install/beginner_tutorials/lib/beginner_tutorials/talker" to ""
[3.212s] -- Installing: /home/harsh_senjaliya/my_beginner_tutorials/beginner_tutorials/install/beginner_tutorials/share/ament_index/resource_index/package_run_dependencies/beginner_tutorials
[3.212s] -- Installing: /home/harsh_senjaliya/my_beginner_tutorials/beginner_tutorials/install/beginner_tutorials/share/ament_index/resource_index/parent_prefix_path/beginner_tutorials
[3.213s] -- Installing: /home/harsh_senjaliya/my_beginner_tutorials/beginner_tutorials/install/beginner_tutorials/share/beginner_tutorials/environment/ament_prefix_path.sh
[3.213s] -- Installing: /home/harsh_senjaliya/my_beginner_tutorials/beginner_tutorials/install/beginner_tutorials/share/beginner_tutorials/environment/ament_prefix_path.dsv
[3.213s] -- Installing: /home/harsh_senjaliya/my_beginner_tutorials/beginner_tutorials/install/beginner_tutorials/share/beginner_tutorials/environment/path.sh
[3.213s] -- Installing: /home/harsh_senjaliya/my_beginner_tutorials/beginner_tutorials/install/beginner_tutorials/share/beginner_tutorials/environment/path.dsv
[3.213s] -- Installing: /home/harsh_senjaliya/my_beginner_tutorials/beginner_tutorials/install/beginner_tutorials/share/beginner_tutorials/local_setup.bash
[3.213s] -- Installing: /home/harsh_senjaliya/my_beginner_tutorials/beginner_tutorials/install/beginner_tutorials/share/beginner_tutorials/local_setup.sh
[3.213s] -- Installing: /home/harsh_senjaliya/my_beginner_tutorials/beginner_tutorials/install/beginner_tutorials/share/beginner_tutorials/local_setup.zsh
[3.213s] -- Installing: /home/harsh_senjaliya/my_beginner_tutorials/beginner_tutorials/install/beginner_tutorials/share/beginner_tutorials/local_setup.dsv
[3.213s] -- Installing: /home/harsh_senjaliya/my_beginner_tutorials/beginner_tutorials/install/beginner_tutorials/share/beginner_tutorials/package.dsv
[3.213s] -- Installing: /home/harsh_senjaliya/my_beginner_tutorials/beginner_tutorials/install/beginner_tutorials/share/ament_index/resource_index/packages/beginner_tutorials
[3.213s] -- Installing: /home/harsh_senjaliya/my_beginner_tutorials/beginner_tutorials/install/beginner_tutorials/share/beginner_tutorials/cmake/beginner_tutorialsConfig.cmake
[3.213s] -- Installing: /home/harsh_senjaliya/my_beginner_tutorials/beginner_tutorials/install/beginner_tutorials/share/beginner_tutorials/cmake/beginner_tutorialsConfig-version.cmake
[3.214s] -- Installing: /home/harsh_senjaliya/my_beginner_tutorials/beginner_tutorials/install/beginner_tutorials/share/beginner_tutorials/package.xml
[3.215s] Invoked command in '/home/harsh_senjaliya/my_beginner_tutorials/beginner_tutorials/build/beginner_tutorials' returned '0': CMAKE_PREFIX_PATH=/opt/ros/humble /usr/bin/cmake --install /home/harsh_senjaliya/my_beginner_tutorials/beginner_tutorials/build/beginner_tutorials
