[0.059s] DEBUG:colcon:Command line arguments: ['/usr/bin/colcon', 'build', '--packages-select', 'beginner_tutorials']
[0.059s] DEBUG:colcon:Parsed command line arguments: Namespace(log_base=None, log_level=None, verb_name='build', build_base='build', install_base='install', merge_install=False, symlink_install=False, test_result_base=None, continue_on_error=False, executor='parallel', parallel_workers=6, event_handlers=None, ignore_user_meta=False, metas=['./colcon.meta'], base_paths=['.'], packages_ignore=None, packages_ignore_regex=None, paths=None, packages_up_to=None, packages_up_to_regex=None, packages_above=None, packages_above_and_dependencies=None, packages_above_depth=None, packages_select_by_dep=None, packages_skip_by_dep=None, packages_skip_up_to=None, packages_select_build_failed=False, packages_skip_build_finished=False, packages_select_test_failures=False, packages_skip_test_passed=False, packages_select=['beginner_tutorials'], packages_skip=None, packages_select_regex=None, packages_skip_regex=None, packages_start=None, packages_end=None, allow_overriding=[], cmake_args=None, cmake_target=None, cmake_target_skip_unavailable=False, cmake_clean_cache=False, cmake_clean_first=False, cmake_force_configure=False, ament_cmake_args=None, catkin_cmake_args=None, catkin_skip_building_tests=False, mixin_files=None, mixin=None, verb_parser=<colcon_mixin.mixin.mixin_argument.MixinArgumentDecorator object at 0xffffb736a920>, verb_extension=<colcon_core.verb.build.BuildVerb object at 0xffffb7499c30>, main=<bound method BuildVerb.main of <colcon_core.verb.build.BuildVerb object at 0xffffb7499c30>>, mixin_verb=('build',))
[0.201s] Level 1:colcon.colcon_core.package_discovery:discover_packages(colcon_meta) check parameters
[0.201s] Level 1:colcon.colcon_core.package_discovery:discover_packages(recursive) check parameters
[0.201s] Level 1:colcon.colcon_core.package_discovery:discover_packages(ignore) check parameters
[0.201s] Level 1:colcon.colcon_core.package_discovery:discover_packages(path) check parameters
[0.201s] Level 1:colcon.colcon_core.package_discovery:discover_packages(colcon_meta) discover
[0.201s] Level 1:colcon.colcon_core.package_discovery:discover_packages(recursive) discover
[0.201s] INFO:colcon.colcon_core.package_discovery:Crawling recursively for packages in '/home/harsh_senjaliya/my_beginner_tutorials/beginner_tutorials'
[0.201s] Level 1:colcon.colcon_core.package_identification:_identify(.) by extensions ['ignore', 'ignore_ament_install']
[0.201s] Level 1:colcon.colcon_core.package_identification:_identify(.) by extension 'ignore'
[0.201s] Level 1:colcon.colcon_core.package_identification:_identify(.) by extension 'ignore_ament_install'
[0.201s] Level 1:colcon.colcon_core.package_identification:_identify(.) by extensions ['colcon_pkg']
[0.201s] Level 1:colcon.colcon_core.package_identification:_identify(.) by extension 'colcon_pkg'
[0.201s] Level 1:colcon.colcon_core.package_identification:_identify(.) by extensions ['colcon_meta']
[0.201s] Level 1:colcon.colcon_core.package_identification:_identify(.) by extension 'colcon_meta'
[0.201s] Level 1:colcon.colcon_core.package_identification:_identify(.) by extensions ['ros']
[0.201s] Level 1:colcon.colcon_core.package_identification:_identify(.) by extension 'ros'
[0.211s] DEBUG:colcon.colcon_core.package_identification:Package '.' with type 'ros.ament_cmake' and name 'beginner_tutorials'
[0.211s] Level 1:colcon.colcon_core.package_discovery:discover_packages(recursive) using defaults
[0.211s] Level 1:colcon.colcon_core.package_discovery:discover_packages(ignore) discover
[0.211s] Level 1:colcon.colcon_core.package_discovery:discover_packages(ignore) using defaults
[0.211s] Level 1:colcon.colcon_core.package_discovery:discover_packages(path) discover
[0.211s] Level 1:colcon.colcon_core.package_discovery:discover_packages(path) using defaults
[0.239s] Level 1:colcon.colcon_core.package_discovery:discover_packages(prefix_path) check parameters
[0.239s] Level 1:colcon.colcon_core.package_discovery:discover_packages(prefix_path) discover
[0.240s] DEBUG:colcon.colcon_installed_package_information.package_discovery:Found 341 installed packages in /opt/ros/humble
[0.241s] Level 1:colcon.colcon_core.package_discovery:discover_packages(prefix_path) using defaults
[0.265s] Level 5:colcon.colcon_core.verb:set package 'beginner_tutorials' build argument 'cmake_args' from command line to 'None'
[0.265s] Level 5:colcon.colcon_core.verb:set package 'beginner_tutorials' build argument 'cmake_target' from command line to 'None'
[0.265s] Level 5:colcon.colcon_core.verb:set package 'beginner_tutorials' build argument 'cmake_target_skip_unavailable' from command line to 'False'
[0.265s] Level 5:colcon.colcon_core.verb:set package 'beginner_tutorials' build argument 'cmake_clean_cache' from command line to 'False'
[0.265s] Level 5:colcon.colcon_core.verb:set package 'beginner_tutorials' build argument 'cmake_clean_first' from command line to 'False'
[0.265s] Level 5:colcon.colcon_core.verb:set package 'beginner_tutorials' build argument 'cmake_force_configure' from command line to 'False'
[0.265s] Level 5:colcon.colcon_core.verb:set package 'beginner_tutorials' build argument 'ament_cmake_args' from command line to 'None'
[0.265s] Level 5:colcon.colcon_core.verb:set package 'beginner_tutorials' build argument 'catkin_cmake_args' from command line to 'None'
[0.265s] Level 5:colcon.colcon_core.verb:set package 'beginner_tutorials' build argument 'catkin_skip_building_tests' from command line to 'False'
[0.265s] DEBUG:colcon.colcon_core.verb:Building package 'beginner_tutorials' with the following arguments: {'ament_cmake_args': None, 'build_base': '/home/harsh_senjaliya/my_beginner_tutorials/beginner_tutorials/build/beginner_tutorials', 'catkin_cmake_args': None, 'catkin_skip_building_tests': False, 'cmake_args': None, 'cmake_clean_cache': False, 'cmake_clean_first': False, 'cmake_force_configure': False, 'cmake_target': None, 'cmake_target_skip_unavailable': False, 'install_base': '/home/harsh_senjaliya/my_beginner_tutorials/beginner_tutorials/install/beginner_tutorials', 'merge_install': False, 'path': '/home/harsh_senjaliya/my_beginner_tutorials/beginner_tutorials', 'symlink_install': False, 'test_result_base': None}
[0.265s] INFO:colcon.colcon_core.executor:Executing jobs using 'parallel' executor
[0.266s] DEBUG:colcon.colcon_parallel_executor.executor.parallel:run_until_complete
[0.266s] INFO:colcon.colcon_ros.task.ament_cmake.build:Building ROS package in '/home/harsh_senjaliya/my_beginner_tutorials/beginner_tutorials' with build type 'ament_cmake'
[0.266s] INFO:colcon.colcon_cmake.task.cmake.build:Building CMake package in '/home/harsh_senjaliya/my_beginner_tutorials/beginner_tutorials'
[0.267s] INFO:colcon.colcon_core.plugin_system:Skipping extension 'colcon_core.shell.bat': Not used on non-Windows systems
[0.267s] INFO:colcon.colcon_core.shell:Skip shell extension 'powershell' for command environment: Not usable outside of PowerShell
[0.267s] DEBUG:colcon.colcon_core.shell:Skip shell extension 'dsv' for command environment
[0.270s] DEBUG:colcon.colcon_core.event_handler.log_command:Invoking command in '/home/harsh_senjaliya/my_beginner_tutorials/beginner_tutorials/build/beginner_tutorials': CMAKE_PREFIX_PATH=/opt/ros/humble /usr/bin/cmake /home/harsh_senjaliya/my_beginner_tutorials/beginner_tutorials -DCMAKE_INSTALL_PREFIX=/home/harsh_senjaliya/my_beginner_tutorials/beginner_tutorials/install/beginner_tutorials
[0.966s] DEBUG:colcon.colcon_core.event_handler.log_command:Invoked command in '/home/harsh_senjaliya/my_beginner_tutorials/beginner_tutorials/build/beginner_tutorials' returned '0': CMAKE_PREFIX_PATH=/opt/ros/humble /usr/bin/cmake /home/harsh_senjaliya/my_beginner_tutorials/beginner_tutorials -DCMAKE_INSTALL_PREFIX=/home/harsh_senjaliya/my_beginner_tutorials/beginner_tutorials/install/beginner_tutorials
[0.966s] DEBUG:colcon.colcon_core.event_handler.log_command:Invoking command in '/home/harsh_senjaliya/my_beginner_tutorials/beginner_tutorials/build/beginner_tutorials': CMAKE_PREFIX_PATH=/opt/ros/humble /usr/bin/cmake --build /home/harsh_senjaliya/my_beginner_tutorials/beginner_tutorials/build/beginner_tutorials -- -j6 -l6
[3.454s] DEBUG:colcon.colcon_core.event_handler.log_command:Invoked command in '/home/harsh_senjaliya/my_beginner_tutorials/beginner_tutorials/build/beginner_tutorials' returned '0': CMAKE_PREFIX_PATH=/opt/ros/humble /usr/bin/cmake --build /home/harsh_senjaliya/my_beginner_tutorials/beginner_tutorials/build/beginner_tutorials -- -j6 -l6
[3.475s] DEBUG:colcon.colcon_core.event_handler.log_command:Invoking command in '/home/harsh_senjaliya/my_beginner_tutorials/beginner_tutorials/build/beginner_tutorials': CMAKE_PREFIX_PATH=/opt/ros/humble /usr/bin/cmake --install /home/harsh_senjaliya/my_beginner_tutorials/beginner_tutorials/build/beginner_tutorials
[3.481s] Level 1:colcon.colcon_core.environment:create_environment_scripts_only(beginner_tutorials)
[3.481s] DEBUG:colcon.colcon_core.event_handler.log_command:Invoked command in '/home/harsh_senjaliya/my_beginner_tutorials/beginner_tutorials/build/beginner_tutorials' returned '0': CMAKE_PREFIX_PATH=/opt/ros/humble /usr/bin/cmake --install /home/harsh_senjaliya/my_beginner_tutorials/beginner_tutorials/build/beginner_tutorials
[3.483s] Level 1:colcon.colcon_core.environment:checking '/home/harsh_senjaliya/my_beginner_tutorials/beginner_tutorials/install/beginner_tutorials' for CMake module files
[3.483s] Level 1:colcon.colcon_core.environment:checking '/home/harsh_senjaliya/my_beginner_tutorials/beginner_tutorials/install/beginner_tutorials' for CMake config files
[3.483s] Level 1:colcon.colcon_core.shell:create_environment_hook('beginner_tutorials', 'cmake_prefix_path')
[3.483s] INFO:colcon.colcon_core.shell:Creating environment hook '/home/harsh_senjaliya/my_beginner_tutorials/beginner_tutorials/install/beginner_tutorials/share/beginner_tutorials/hook/cmake_prefix_path.ps1'
[3.483s] INFO:colcon.colcon_core.shell:Creating environment descriptor '/home/harsh_senjaliya/my_beginner_tutorials/beginner_tutorials/install/beginner_tutorials/share/beginner_tutorials/hook/cmake_prefix_path.dsv'
[3.484s] INFO:colcon.colcon_core.shell:Creating environment hook '/home/harsh_senjaliya/my_beginner_tutorials/beginner_tutorials/install/beginner_tutorials/share/beginner_tutorials/hook/cmake_prefix_path.sh'
[3.484s] Level 1:colcon.colcon_core.environment:checking '/home/harsh_senjaliya/my_beginner_tutorials/beginner_tutorials/install/beginner_tutorials/lib'
[3.484s] Level 1:colcon.colcon_core.environment:checking '/home/harsh_senjaliya/my_beginner_tutorials/beginner_tutorials/install/beginner_tutorials/bin'
[3.484s] Level 1:colcon.colcon_core.environment:checking '/home/harsh_senjaliya/my_beginner_tutorials/beginner_tutorials/install/beginner_tutorials/lib/pkgconfig/beginner_tutorials.pc'
[3.484s] Level 1:colcon.colcon_core.environment:checking '/home/harsh_senjaliya/my_beginner_tutorials/beginner_tutorials/install/beginner_tutorials/lib/python3.10/site-packages'
[3.484s] Level 1:colcon.colcon_core.environment:checking '/home/harsh_senjaliya/my_beginner_tutorials/beginner_tutorials/install/beginner_tutorials/bin'
[3.485s] INFO:colcon.colcon_core.shell:Creating package script '/home/harsh_senjaliya/my_beginner_tutorials/beginner_tutorials/install/beginner_tutorials/share/beginner_tutorials/package.ps1'
[3.485s] INFO:colcon.colcon_core.shell:Creating package descriptor '/home/harsh_senjaliya/my_beginner_tutorials/beginner_tutorials/install/beginner_tutorials/share/beginner_tutorials/package.dsv'
[3.485s] INFO:colcon.colcon_core.shell:Creating package script '/home/harsh_senjaliya/my_beginner_tutorials/beginner_tutorials/install/beginner_tutorials/share/beginner_tutorials/package.sh'
[3.486s] INFO:colcon.colcon_core.shell:Creating package script '/home/harsh_senjaliya/my_beginner_tutorials/beginner_tutorials/install/beginner_tutorials/share/beginner_tutorials/package.bash'
[3.486s] INFO:colcon.colcon_core.shell:Creating package script '/home/harsh_senjaliya/my_beginner_tutorials/beginner_tutorials/install/beginner_tutorials/share/beginner_tutorials/package.zsh'
[3.487s] Level 1:colcon.colcon_core.environment:create_file_with_runtime_dependencies(/home/harsh_senjaliya/my_beginner_tutorials/beginner_tutorials/install/beginner_tutorials/share/colcon-core/packages/beginner_tutorials)
[3.499s] Level 1:colcon.colcon_core.environment:create_environment_scripts_only(beginner_tutorials)
[3.499s] Level 1:colcon.colcon_core.environment:checking '/home/harsh_senjaliya/my_beginner_tutorials/beginner_tutorials/install/beginner_tutorials' for CMake module files
[3.499s] Level 1:colcon.colcon_core.environment:checking '/home/harsh_senjaliya/my_beginner_tutorials/beginner_tutorials/install/beginner_tutorials' for CMake config files
[3.499s] Level 1:colcon.colcon_core.shell:create_environment_hook('beginner_tutorials', 'cmake_prefix_path')
[3.499s] INFO:colcon.colcon_core.shell:Creating environment hook '/home/harsh_senjaliya/my_beginner_tutorials/beginner_tutorials/install/beginner_tutorials/share/beginner_tutorials/hook/cmake_prefix_path.ps1'
[3.500s] INFO:colcon.colcon_core.shell:Creating environment descriptor '/home/harsh_senjaliya/my_beginner_tutorials/beginner_tutorials/install/beginner_tutorials/share/beginner_tutorials/hook/cmake_prefix_path.dsv'
[3.500s] INFO:colcon.colcon_core.shell:Creating environment hook '/home/harsh_senjaliya/my_beginner_tutorials/beginner_tutorials/install/beginner_tutorials/share/beginner_tutorials/hook/cmake_prefix_path.sh'
[3.500s] Level 1:colcon.colcon_core.environment:checking '/home/harsh_senjaliya/my_beginner_tutorials/beginner_tutorials/install/beginner_tutorials/lib'
[3.500s] Level 1:colcon.colcon_core.environment:checking '/home/harsh_senjaliya/my_beginner_tutorials/beginner_tutorials/install/beginner_tutorials/bin'
[3.501s] Level 1:colcon.colcon_core.environment:checking '/home/harsh_senjaliya/my_beginner_tutorials/beginner_tutorials/install/beginner_tutorials/lib/pkgconfig/beginner_tutorials.pc'
[3.501s] Level 1:colcon.colcon_core.environment:checking '/home/harsh_senjaliya/my_beginner_tutorials/beginner_tutorials/install/beginner_tutorials/lib/python3.10/site-packages'
[3.501s] Level 1:colcon.colcon_core.environment:checking '/home/harsh_senjaliya/my_beginner_tutorials/beginner_tutorials/install/beginner_tutorials/bin'
[3.501s] INFO:colcon.colcon_core.shell:Creating package script '/home/harsh_senjaliya/my_beginner_tutorials/beginner_tutorials/install/beginner_tutorials/share/beginner_tutorials/package.ps1'
[3.501s] INFO:colcon.colcon_core.shell:Creating package descriptor '/home/harsh_senjaliya/my_beginner_tutorials/beginner_tutorials/install/beginner_tutorials/share/beginner_tutorials/package.dsv'
[3.502s] INFO:colcon.colcon_core.shell:Creating package script '/home/harsh_senjaliya/my_beginner_tutorials/beginner_tutorials/install/beginner_tutorials/share/beginner_tutorials/package.sh'
[3.502s] INFO:colcon.colcon_core.shell:Creating package script '/home/harsh_senjaliya/my_beginner_tutorials/beginner_tutorials/install/beginner_tutorials/share/beginner_tutorials/package.bash'
[3.502s] INFO:colcon.colcon_core.shell:Creating package script '/home/harsh_senjaliya/my_beginner_tutorials/beginner_tutorials/install/beginner_tutorials/share/beginner_tutorials/package.zsh'
[3.502s] Level 1:colcon.colcon_core.environment:create_file_with_runtime_dependencies(/home/harsh_senjaliya/my_beginner_tutorials/beginner_tutorials/install/beginner_tutorials/share/colcon-core/packages/beginner_tutorials)
[3.503s] DEBUG:colcon.colcon_parallel_executor.executor.parallel:closing loop
[3.503s] DEBUG:colcon.colcon_parallel_executor.executor.parallel:loop closed
[3.503s] DEBUG:colcon.colcon_parallel_executor.executor.parallel:run_until_complete finished with '0'
[3.503s] DEBUG:colcon.colcon_core.event_reactor:joining thread
[3.507s] INFO:colcon.colcon_core.plugin_system:Skipping extension 'colcon_notification.desktop_notification.terminal_notifier': Not used on non-Darwin systems
[3.507s] INFO:colcon.colcon_core.plugin_system:Skipping extension 'colcon_notification.desktop_notification.win32': Not used on non-Windows systems
[3.507s] INFO:colcon.colcon_notification.desktop_notification:Sending desktop notification using 'notify2'
[3.517s] DEBUG:colcon.colcon_core.event_reactor:joined thread
[3.517s] INFO:colcon.colcon_core.shell:Creating prefix script '/home/harsh_senjaliya/my_beginner_tutorials/beginner_tutorials/install/local_setup.ps1'
[3.518s] INFO:colcon.colcon_core.shell:Creating prefix util module '/home/harsh_senjaliya/my_beginner_tutorials/beginner_tutorials/install/_local_setup_util_ps1.py'
[3.518s] INFO:colcon.colcon_core.shell:Creating prefix chain script '/home/harsh_senjaliya/my_beginner_tutorials/beginner_tutorials/install/setup.ps1'
[3.519s] INFO:colcon.colcon_core.shell:Creating prefix script '/home/harsh_senjaliya/my_beginner_tutorials/beginner_tutorials/install/local_setup.sh'
[3.519s] INFO:colcon.colcon_core.shell:Creating prefix util module '/home/harsh_senjaliya/my_beginner_tutorials/beginner_tutorials/install/_local_setup_util_sh.py'
[3.519s] INFO:colcon.colcon_core.shell:Creating prefix chain script '/home/harsh_senjaliya/my_beginner_tutorials/beginner_tutorials/install/setup.sh'
[3.519s] INFO:colcon.colcon_core.shell:Creating prefix script '/home/harsh_senjaliya/my_beginner_tutorials/beginner_tutorials/install/local_setup.bash'
[3.520s] INFO:colcon.colcon_core.shell:Creating prefix chain script '/home/harsh_senjaliya/my_beginner_tutorials/beginner_tutorials/install/setup.bash'
[3.520s] INFO:colcon.colcon_core.shell:Creating prefix script '/home/harsh_senjaliya/my_beginner_tutorials/beginner_tutorials/install/local_setup.zsh'
[3.520s] INFO:colcon.colcon_core.shell:Creating prefix chain script '/home/harsh_senjaliya/my_beginner_tutorials/beginner_tutorials/install/setup.zsh'
